<?xml version="1.0" encoding="utf-8"?><testsuites name="pytest tests"><testsuite name="pytest" errors="0" failures="0" skipped="0" tests="12" time="1.839" timestamp="2026-06-11T18:00:46.882909+00:00" hostname="agent-env-029ee759-fde5-45fa-a2b1-2561832fa77b"><testcase classname="backend.tests.backend_test.TestHealth" name="test_root" time="0.303" /><testcase classname="backend.tests.backend_test.TestSettings" name="test_get_defaults" time="0.113" /><testcase classname="backend.tests.backend_test.TestSettings" name="test_update_and_persist" time="0.220" /><testcase classname="backend.tests.backend_test.TestSettings" name="test_invalid_divisor" time="0.106" /><testcase classname="backend.tests.backend_test.TestCalculate" name="test_excel_sample" time="0.056" /><testcase classname="backend.tests.backend_test.TestCalculate" name="test_no_invoice_no_rate" time="0.064" /><testcase classname="backend.tests.backend_test.TestCalculate" name="test_invoice_without_rate" time="0.050" /><testcase classname="backend.tests.backend_test.TestCalculate" name="test_negative_d17" time="0.053" /><testcase classname="backend.tests.backend_test.TestCalculate" name="test_override_settings_in_payload" time="0.077" /><testcase classname="backend.tests.backend_test.TestVouchers" name="test_full_voucher_lifecycle" time="0.255" /><testcase classname="backend.tests.backend_test.TestVouchers" name="test_delete_nonexistent" time="0.068" /><testcase classname="backend.tests.backend_test.TestVouchers" name="test_voucher_d21_zero" time="0.249" /></testsuite></testsuites>